{"/Users/dongeolog/node_apps/buzzn/powergiver/app/_util.js": {"path":"/Users/dongeolog/node_apps/buzzn/powergiver/app/_util.js","statementMap":{"0":{"start":{"line":7,"column":2},"end":{"line":11,"column":4}},"1":{"start":{"line":15,"column":21},"end":{"line":15,"column":64}},"2":{"start":{"line":16,"column":2},"end":{"line":18,"column":5}},"3":{"start":{"line":17,"column":4},"end":{"line":17,"column":58}},"4":{"start":{"line":19,"column":2},"end":{"line":19,"column":20}},"5":{"start":{"line":23,"column":15},"end":{"line":23,"column":30}},"6":{"start":{"line":24,"column":2},"end":{"line":32,"column":3}},"7":{"start":{"line":25,"column":4},"end":{"line":25,"column":16}},"8":{"start":{"line":26,"column":9},"end":{"line":32,"column":3}},"9":{"start":{"line":27,"column":4},"end":{"line":27,"column":44}},"10":{"start":{"line":28,"column":9},"end":{"line":32,"column":3}},"11":{"start":{"line":29,"column":4},"end":{"line":29,"column":73}},"12":{"start":{"line":29,"column":30},"end":{"line":29,"column":71}},"13":{"start":{"line":31,"column":4},"end":{"line":31,"column":53}},"14":{"start":{"line":31,"column":30},"end":{"line":31,"column":51}},"15":{"start":{"line":36,"column":17},"end":{"line":36,"column":19}},"16":{"start":{"line":37,"column":2},"end":{"line":45,"column":5}},"17":{"start":{"line":38,"column":4},"end":{"line":44,"column":5}},"18":{"start":{"line":39,"column":6},"end":{"line":39,"column":44}},"19":{"start":{"line":40,"column":11},"end":{"line":44,"column":5}},"20":{"start":{"line":41,"column":6},"end":{"line":41,"column":43}},"21":{"start":{"line":43,"column":6},"end":{"line":43,"column":21}},"22":{"start":{"line":46,"column":2},"end":{"line":46,"column":16}},"23":{"start":{"line":50,"column":17},"end":{"line":50,"column":19}},"24":{"start":{"line":51,"column":2},"end":{"line":61,"column":5}},"25":{"start":{"line":52,"column":4},"end":{"line":60,"column":5}},"26":{"start":{"line":53,"column":6},"end":{"line":53,"column":54}},"27":{"start":{"line":54,"column":11},"end":{"line":60,"column":5}},"28":{"start":{"line":55,"column":6},"end":{"line":55,"column":31}},"29":{"start":{"line":56,"column":11},"end":{"line":60,"column":5}},"30":{"start":{"line":57,"column":6},"end":{"line":57,"column":53}},"31":{"start":{"line":59,"column":6},"end":{"line":59,"column":31}},"32":{"start":{"line":62,"column":2},"end":{"line":62,"column":16}},"33":{"start":{"line":66,"column":2},"end":{"line":66,"column":74}},"34":{"start":{"line":66,"column":38},"end":{"line":66,"column":67}},"35":{"start":{"line":70,"column":2},"end":{"line":74,"column":3}},"36":{"start":{"line":71,"column":4},"end":{"line":73,"column":7}},"37":{"start":{"line":75,"column":2},"end":{"line":75,"column":20}}},"fnMap":{"0":{"name":"prepareHeaders","decl":{"start":{"line":6,"column":16},"end":{"line":6,"column":30}},"loc":{"start":{"line":6,"column":38},"end":{"line":12,"column":1}},"line":6},"1":{"name":"wrapErrors","decl":{"start":{"line":14,"column":16},"end":{"line":14,"column":26}},"loc":{"start":{"line":14,"column":35},"end":{"line":20,"column":1}},"line":14},"2":{"name":"(anonymous_2)","decl":{"start":{"line":16,"column":18},"end":{"line":16,"column":19}},"loc":{"start":{"line":16,"column":29},"end":{"line":18,"column":3}},"line":16},"3":{"name":"parseResponse","decl":{"start":{"line":22,"column":16},"end":{"line":22,"column":29}},"loc":{"start":{"line":22,"column":40},"end":{"line":33,"column":1}},"line":22},"4":{"name":"(anonymous_4)","decl":{"start":{"line":29,"column":21},"end":{"line":29,"column":22}},"loc":{"start":{"line":29,"column":30},"end":{"line":29,"column":71}},"line":29},"5":{"name":"(anonymous_5)","decl":{"start":{"line":31,"column":21},"end":{"line":31,"column":22}},"loc":{"start":{"line":31,"column":30},"end":{"line":31,"column":51}},"line":31},"6":{"name":"camelizeResponseArray","decl":{"start":{"line":35,"column":16},"end":{"line":35,"column":37}},"loc":{"start":{"line":35,"column":44},"end":{"line":47,"column":1}},"line":35},"7":{"name":"(anonymous_7)","decl":{"start":{"line":37,"column":16},"end":{"line":37,"column":17}},"loc":{"start":{"line":37,"column":23},"end":{"line":45,"column":3}},"line":37},"8":{"name":"camelizeResponseKeys","decl":{"start":{"line":49,"column":16},"end":{"line":49,"column":36}},"loc":{"start":{"line":49,"column":43},"end":{"line":63,"column":1}},"line":49},"9":{"name":"(anonymous_9)","decl":{"start":{"line":51,"column":16},"end":{"line":51,"column":17}},"loc":{"start":{"line":51,"column":26},"end":{"line":61,"column":3}},"line":51},"10":{"name":"snakeReq","decl":{"start":{"line":65,"column":16},"end":{"line":65,"column":24}},"loc":{"start":{"line":65,"column":31},"end":{"line":67,"column":1}},"line":65},"11":{"name":"(anonymous_11)","decl":{"start":{"line":66,"column":22},"end":{"line":66,"column":23}},"loc":{"start":{"line":66,"column":38},"end":{"line":66,"column":67}},"line":66},"12":{"name":"logException","decl":{"start":{"line":69,"column":16},"end":{"line":69,"column":28}},"loc":{"start":{"line":69,"column":42},"end":{"line":76,"column":1}},"line":69}},"branchMap":{"0":{"loc":{"start":{"line":24,"column":2},"end":{"line":32,"column":3}},"type":"if","locations":[{"start":{"line":24,"column":2},"end":{"line":32,"column":3}},{"start":{"line":24,"column":2},"end":{"line":32,"column":3}}],"line":24},"1":{"loc":{"start":{"line":24,"column":6},"end":{"line":24,"column":53}},"type":"binary-expr","locations":[{"start":{"line":24,"column":6},"end":{"line":24,"column":28}},{"start":{"line":24,"column":32},"end":{"line":24,"column":53}}],"line":24},"2":{"loc":{"start":{"line":26,"column":9},"end":{"line":32,"column":3}},"type":"if","locations":[{"start":{"line":26,"column":9},"end":{"line":32,"column":3}},{"start":{"line":26,"column":9},"end":{"line":32,"column":3}}],"line":26},"3":{"loc":{"start":{"line":28,"column":9},"end":{"line":32,"column":3}},"type":"if","locations":[{"start":{"line":28,"column":9},"end":{"line":32,"column":3}},{"start":{"line":28,"column":9},"end":{"line":32,"column":3}}],"line":28},"4":{"loc":{"start":{"line":38,"column":4},"end":{"line":44,"column":5}},"type":"if","locations":[{"start":{"line":38,"column":4},"end":{"line":44,"column":5}},{"start":{"line":38,"column":4},"end":{"line":44,"column":5}}],"line":38},"5":{"loc":{"start":{"line":40,"column":11},"end":{"line":44,"column":5}},"type":"if","locations":[{"start":{"line":40,"column":11},"end":{"line":44,"column":5}},{"start":{"line":40,"column":11},"end":{"line":44,"column":5}}],"line":40},"6":{"loc":{"start":{"line":52,"column":4},"end":{"line":60,"column":5}},"type":"if","locations":[{"start":{"line":52,"column":4},"end":{"line":60,"column":5}},{"start":{"line":52,"column":4},"end":{"line":60,"column":5}}],"line":52},"7":{"loc":{"start":{"line":54,"column":11},"end":{"line":60,"column":5}},"type":"if","locations":[{"start":{"line":54,"column":11},"end":{"line":60,"column":5}},{"start":{"line":54,"column":11},"end":{"line":60,"column":5}}],"line":54},"8":{"loc":{"start":{"line":56,"column":11},"end":{"line":60,"column":5}},"type":"if","locations":[{"start":{"line":56,"column":11},"end":{"line":60,"column":5}},{"start":{"line":56,"column":11},"end":{"line":60,"column":5}}],"line":56},"9":{"loc":{"start":{"line":70,"column":2},"end":{"line":74,"column":3}},"type":"if","locations":[{"start":{"line":70,"column":2},"end":{"line":74,"column":3}},{"start":{"line":70,"column":2},"end":{"line":74,"column":3}}],"line":70}},"s":{"0":0,"1":0,"2":0,"3":0,"4":0,"5":0,"6":0,"7":0,"8":0,"9":0,"10":0,"11":0,"12":0,"13":0,"14":0,"15":0,"16":0,"17":0,"18":0,"19":0,"20":0,"21":0,"22":0,"23":0,"24":0,"25":0,"26":0,"27":0,"28":0,"29":0,"30":0,"31":0,"32":0,"33":0,"34":0,"35":0,"36":0,"37":0},"f":{"0":0,"1":0,"2":0,"3":0,"4":0,"5":0,"6":0,"7":0,"8":0,"9":0,"10":0,"11":0,"12":0},"b":{"0":[0,0],"1":[0,0],"2":[0,0],"3":[0,0],"4":[0,0],"5":[0,0],"6":[0,0],"7":[0,0],"8":[0,0],"9":[0,0]},"_coverageSchema":"332fd63041d2c1bcb487cc26dd0d5f7d97098a6c","hash":"2b1e6ca55689fd5f114ae0ab5f3274bfcf05d3f7"}
,"/Users/dongeolog/node_apps/buzzn/powergiver/app/actions.js": {"path":"/Users/dongeolog/node_apps/buzzn/powergiver/app/actions.js","statementMap":{"0":{"start":{"line":1,"column":25},"end":{"line":9,"column":1}},"1":{"start":{"line":11,"column":23},"end":{"line":18,"column":1}},"2":{"start":{"line":12,"column":21},"end":{"line":12,"column":53}},"3":{"start":{"line":13,"column":24},"end":{"line":13,"column":63}},"4":{"start":{"line":15,"column":4},"end":{"line":15,"column":75}},"5":{"start":{"line":17,"column":4},"end":{"line":17,"column":63}}},"fnMap":{"0":{"name":"(anonymous_0)","decl":{"start":{"line":12,"column":14},"end":{"line":12,"column":15}},"loc":{"start":{"line":12,"column":21},"end":{"line":12,"column":53}},"line":12},"1":{"name":"(anonymous_1)","decl":{"start":{"line":13,"column":13},"end":{"line":13,"column":14}},"loc":{"start":{"line":13,"column":24},"end":{"line":13,"column":63}},"line":13},"2":{"name":"(anonymous_2)","decl":{"start":{"line":14,"column":28},"end":{"line":14,"column":29}},"loc":{"start":{"line":15,"column":4},"end":{"line":15,"column":75}},"line":15},"3":{"name":"(anonymous_3)","decl":{"start":{"line":16,"column":16},"end":{"line":16,"column":17}},"loc":{"start":{"line":17,"column":4},"end":{"line":17,"column":63}},"line":17}},"branchMap":{},"s":{"0":1,"1":1,"2":0,"3":0,"4":0,"5":0},"f":{"0":0,"1":0,"2":0,"3":0},"b":{},"_coverageSchema":"332fd63041d2c1bcb487cc26dd0d5f7d97098a6c","hash":"976a270e46361ecb0859a273dcff5763579d6508"}
,"/Users/dongeolog/node_apps/buzzn/powergiver/app/config.js": {"path":"/Users/dongeolog/node_apps/buzzn/powergiver/app/config.js","statementMap":{"0":{"start":{"line":1,"column":13},"end":{"line":1,"column":15}},"1":{"start":{"line":3,"column":0},"end":{"line":27,"column":1}},"2":{"start":{"line":4,"column":2},"end":{"line":10,"column":4}},"3":{"start":{"line":11,"column":7},"end":{"line":27,"column":1}},"4":{"start":{"line":12,"column":2},"end":{"line":18,"column":4}},"5":{"start":{"line":20,"column":2},"end":{"line":26,"column":4}}},"fnMap":{},"branchMap":{"0":{"loc":{"start":{"line":3,"column":0},"end":{"line":27,"column":1}},"type":"if","locations":[{"start":{"line":3,"column":0},"end":{"line":27,"column":1}},{"start":{"line":3,"column":0},"end":{"line":27,"column":1}}],"line":3},"1":{"loc":{"start":{"line":11,"column":7},"end":{"line":27,"column":1}},"type":"if","locations":[{"start":{"line":11,"column":7},"end":{"line":27,"column":1}},{"start":{"line":11,"column":7},"end":{"line":27,"column":1}}],"line":11}},"s":{"0":1,"1":1,"2":0,"3":1,"4":0,"5":1},"f":{},"b":{"0":[0,1],"1":[0,1]},"_coverageSchema":"332fd63041d2c1bcb487cc26dd0d5f7d97098a6c","hash":"9e99c4bee10dc4c9e0324a5462b54cce3752f7a8"}
,"/Users/dongeolog/node_apps/buzzn/powergiver/app/reducers.js": {"path":"/Users/dongeolog/node_apps/buzzn/powergiver/app/reducers.js","statementMap":{"0":{"start":{"line":16,"column":2},"end":{"line":16,"column":15}},"1":{"start":{"line":19,"column":28},"end":{"line":23,"column":1}},"2":{"start":{"line":26,"column":2},"end":{"line":38,"column":3}},"3":{"start":{"line":28,"column":6},"end":{"line":28,"column":41}},"4":{"start":{"line":30,"column":6},"end":{"line":30,"column":42}},"5":{"start":{"line":32,"column":6},"end":{"line":32,"column":49}},"6":{"start":{"line":34,"column":6},"end":{"line":34,"column":79}},"7":{"start":{"line":37,"column":6},"end":{"line":37,"column":19}}},"fnMap":{"0":{"name":"configReducer","decl":{"start":{"line":15,"column":16},"end":{"line":15,"column":29}},"loc":{"start":{"line":15,"column":46},"end":{"line":17,"column":1}},"line":15},"1":{"name":"appReducer","decl":{"start":{"line":25,"column":16},"end":{"line":25,"column":26}},"loc":{"start":{"line":25,"column":57},"end":{"line":39,"column":1}},"line":25}},"branchMap":{"0":{"loc":{"start":{"line":15,"column":30},"end":{"line":15,"column":44}},"type":"default-arg","locations":[{"start":{"line":15,"column":38},"end":{"line":15,"column":44}}],"line":15},"1":{"loc":{"start":{"line":25,"column":27},"end":{"line":25,"column":47}},"type":"default-arg","locations":[{"start":{"line":25,"column":35},"end":{"line":25,"column":47}}],"line":25},"2":{"loc":{"start":{"line":26,"column":2},"end":{"line":38,"column":3}},"type":"switch","locations":[{"start":{"line":27,"column":4},"end":{"line":28,"column":41}},{"start":{"line":29,"column":4},"end":{"line":30,"column":42}},{"start":{"line":31,"column":4},"end":{"line":32,"column":49}},{"start":{"line":33,"column":4},"end":{"line":34,"column":79}},{"start":{"line":36,"column":4},"end":{"line":37,"column":19}}],"line":26}},"s":{"0":2,"1":1,"2":3,"3":0,"4":0,"5":0,"6":0,"7":3},"f":{"0":2,"1":3},"b":{"0":[2],"1":[3],"2":[0,0,0,0,3]},"_coverageSchema":"332fd63041d2c1bcb487cc26dd0d5f7d97098a6c","hash":"74bcec5f54c621555d74acd6a761b7762a99607b"}
,"/Users/dongeolog/node_apps/buzzn/powergiver/app/contracts/actions.js": {"path":"/Users/dongeolog/node_apps/buzzn/powergiver/app/contracts/actions.js","statementMap":{"0":{"start":{"line":1,"column":25},"end":{"line":21,"column":1}},"1":{"start":{"line":23,"column":23},"end":{"line":44,"column":1}},"2":{"start":{"line":24,"column":42},"end":{"line":24,"column":93}},"3":{"start":{"line":25,"column":22},"end":{"line":25,"column":58}},"4":{"start":{"line":27,"column":46},"end":{"line":27,"column":100}},"5":{"start":{"line":28,"column":26},"end":{"line":28,"column":62}},"6":{"start":{"line":29,"column":25},"end":{"line":29,"column":60}},"7":{"start":{"line":30,"column":56},"end":{"line":30,"column":120}},"8":{"start":{"line":32,"column":34},"end":{"line":32,"column":83}},"9":{"start":{"line":33,"column":32},"end":{"line":33,"column":75}},"10":{"start":{"line":34,"column":31},"end":{"line":34,"column":73}},"11":{"start":{"line":35,"column":35},"end":{"line":35,"column":85}},"12":{"start":{"line":37,"column":36},"end":{"line":37,"column":87}},"13":{"start":{"line":38,"column":34},"end":{"line":38,"column":79}},"14":{"start":{"line":39,"column":33},"end":{"line":39,"column":77}},"15":{"start":{"line":40,"column":39},"end":{"line":40,"column":93}},"16":{"start":{"line":43,"column":4},"end":{"line":43,"column":112}}},"fnMap":{"0":{"name":"(anonymous_0)","decl":{"start":{"line":24,"column":16},"end":{"line":24,"column":17}},"loc":{"start":{"line":24,"column":42},"end":{"line":24,"column":93}},"line":24},"1":{"name":"(anonymous_1)","decl":{"start":{"line":25,"column":12},"end":{"line":25,"column":13}},"loc":{"start":{"line":25,"column":22},"end":{"line":25,"column":58}},"line":25},"2":{"name":"(anonymous_2)","decl":{"start":{"line":27,"column":16},"end":{"line":27,"column":17}},"loc":{"start":{"line":27,"column":46},"end":{"line":27,"column":100}},"line":27},"3":{"name":"(anonymous_3)","decl":{"start":{"line":28,"column":19},"end":{"line":28,"column":20}},"loc":{"start":{"line":28,"column":26},"end":{"line":28,"column":62}},"line":28},"4":{"name":"(anonymous_4)","decl":{"start":{"line":29,"column":18},"end":{"line":29,"column":19}},"loc":{"start":{"line":29,"column":25},"end":{"line":29,"column":60}},"line":29},"5":{"name":"(anonymous_5)","decl":{"start":{"line":30,"column":15},"end":{"line":30,"column":16}},"loc":{"start":{"line":30,"column":56},"end":{"line":30,"column":120}},"line":30},"6":{"name":"(anonymous_6)","decl":{"start":{"line":32,"column":22},"end":{"line":32,"column":23}},"loc":{"start":{"line":32,"column":34},"end":{"line":32,"column":83}},"line":32},"7":{"name":"(anonymous_7)","decl":{"start":{"line":33,"column":25},"end":{"line":33,"column":26}},"loc":{"start":{"line":33,"column":32},"end":{"line":33,"column":75}},"line":33},"8":{"name":"(anonymous_8)","decl":{"start":{"line":34,"column":24},"end":{"line":34,"column":25}},"loc":{"start":{"line":34,"column":31},"end":{"line":34,"column":73}},"line":34},"9":{"name":"(anonymous_9)","decl":{"start":{"line":35,"column":21},"end":{"line":35,"column":22}},"loc":{"start":{"line":35,"column":35},"end":{"line":35,"column":85}},"line":35},"10":{"name":"(anonymous_10)","decl":{"start":{"line":37,"column":24},"end":{"line":37,"column":25}},"loc":{"start":{"line":37,"column":36},"end":{"line":37,"column":87}},"line":37},"11":{"name":"(anonymous_11)","decl":{"start":{"line":38,"column":27},"end":{"line":38,"column":28}},"loc":{"start":{"line":38,"column":34},"end":{"line":38,"column":79}},"line":38},"12":{"name":"(anonymous_12)","decl":{"start":{"line":39,"column":26},"end":{"line":39,"column":27}},"loc":{"start":{"line":39,"column":33},"end":{"line":39,"column":77}},"line":39},"13":{"name":"(anonymous_13)","decl":{"start":{"line":40,"column":23},"end":{"line":40,"column":24}},"loc":{"start":{"line":40,"column":39},"end":{"line":40,"column":93}},"line":40},"14":{"name":"(anonymous_14)","decl":{"start":{"line":42,"column":21},"end":{"line":42,"column":22}},"loc":{"start":{"line":43,"column":4},"end":{"line":43,"column":112}},"line":43}},"branchMap":{},"s":{"0":1,"1":1,"2":0,"3":0,"4":0,"5":0,"6":0,"7":0,"8":0,"9":0,"10":0,"11":0,"12":0,"13":0,"14":0,"15":0,"16":0},"f":{"0":0,"1":0,"2":0,"3":0,"4":0,"5":0,"6":0,"7":0,"8":0,"9":0,"10":0,"11":0,"12":0,"13":0,"14":0},"b":{},"_coverageSchema":"332fd63041d2c1bcb487cc26dd0d5f7d97098a6c","hash":"b3b3d070c017baeee640d5ba58a93575e8db77be"}
,"/Users/dongeolog/node_apps/buzzn/powergiver/app/contracts/api.js": {"path":"/Users/dongeolog/node_apps/buzzn/powergiver/app/contracts/api.js","statementMap":{"0":{"start":{"line":6,"column":4},"end":{"line":10,"column":32}},"1":{"start":{"line":13,"column":4},"end":{"line":19,"column":33}},"2":{"start":{"line":18,"column":23},"end":{"line":18,"column":86}},"3":{"start":{"line":18,"column":49},"end":{"line":18,"column":84}},"4":{"start":{"line":22,"column":4},"end":{"line":27,"column":25}},"5":{"start":{"line":30,"column":4},"end":{"line":34,"column":32}},"6":{"start":{"line":37,"column":4},"end":{"line":41,"column":32}}},"fnMap":{"0":{"name":"(anonymous_0)","decl":{"start":{"line":18,"column":10},"end":{"line":18,"column":11}},"loc":{"start":{"line":18,"column":23},"end":{"line":18,"column":86}},"line":18},"1":{"name":"(anonymous_1)","decl":{"start":{"line":18,"column":43},"end":{"line":18,"column":44}},"loc":{"start":{"line":18,"column":49},"end":{"line":18,"column":84}},"line":18}},"branchMap":{},"s":{"0":0,"1":0,"2":0,"3":0,"4":0,"5":0,"6":0},"f":{"0":0,"1":0},"b":{},"_coverageSchema":"332fd63041d2c1bcb487cc26dd0d5f7d97098a6c","hash":"13251601dda7aaaceb210e9ec9d6601de1cb8b80"}
,"/Users/dongeolog/node_apps/buzzn/powergiver/app/contracts/reducers.js": {"path":"/Users/dongeolog/node_apps/buzzn/powergiver/app/contracts/reducers.js","statementMap":{"0":{"start":{"line":3,"column":28},"end":{"line":12,"column":1}},"1":{"start":{"line":15,"column":2},"end":{"line":45,"column":3}},"2":{"start":{"line":17,"column":6},"end":{"line":17,"column":51}},"3":{"start":{"line":19,"column":6},"end":{"line":19,"column":55}},"4":{"start":{"line":21,"column":6},"end":{"line":21,"column":56}},"5":{"start":{"line":23,"column":6},"end":{"line":23,"column":60}},"6":{"start":{"line":26,"column":6},"end":{"line":26,"column":82}},"7":{"start":{"line":28,"column":6},"end":{"line":28,"column":49}},"8":{"start":{"line":30,"column":6},"end":{"line":30,"column":50}},"9":{"start":{"line":32,"column":6},"end":{"line":32,"column":111}},"10":{"start":{"line":35,"column":6},"end":{"line":35,"column":51}},"11":{"start":{"line":37,"column":6},"end":{"line":37,"column":57}},"12":{"start":{"line":39,"column":6},"end":{"line":39,"column":58}},"13":{"start":{"line":41,"column":6},"end":{"line":41,"column":64}},"14":{"start":{"line":44,"column":6},"end":{"line":44,"column":19}}},"fnMap":{"0":{"name":"(anonymous_0)","decl":{"start":{"line":14,"column":15},"end":{"line":14,"column":16}},"loc":{"start":{"line":14,"column":55},"end":{"line":46,"column":1}},"line":14}},"branchMap":{"0":{"loc":{"start":{"line":14,"column":25},"end":{"line":14,"column":45}},"type":"default-arg","locations":[{"start":{"line":14,"column":33},"end":{"line":14,"column":45}}],"line":14},"1":{"loc":{"start":{"line":15,"column":2},"end":{"line":45,"column":3}},"type":"switch","locations":[{"start":{"line":16,"column":4},"end":{"line":17,"column":51}},{"start":{"line":18,"column":4},"end":{"line":19,"column":55}},{"start":{"line":20,"column":4},"end":{"line":21,"column":56}},{"start":{"line":22,"column":4},"end":{"line":23,"column":60}},{"start":{"line":25,"column":4},"end":{"line":26,"column":82}},{"start":{"line":27,"column":4},"end":{"line":28,"column":49}},{"start":{"line":29,"column":4},"end":{"line":30,"column":50}},{"start":{"line":31,"column":4},"end":{"line":32,"column":111}},{"start":{"line":34,"column":4},"end":{"line":35,"column":51}},{"start":{"line":36,"column":4},"end":{"line":37,"column":57}},{"start":{"line":38,"column":4},"end":{"line":39,"column":58}},{"start":{"line":40,"column":4},"end":{"line":41,"column":64}},{"start":{"line":43,"column":4},"end":{"line":44,"column":19}}],"line":15}},"s":{"0":1,"1":2,"2":0,"3":0,"4":0,"5":0,"6":0,"7":0,"8":0,"9":0,"10":0,"11":0,"12":0,"13":0,"14":2},"f":{"0":2},"b":{"0":[2],"1":[0,0,0,0,0,0,0,0,0,0,0,0,2]},"_coverageSchema":"332fd63041d2c1bcb487cc26dd0d5f7d97098a6c","hash":"67357067a8b73f7a3feb775581a3201802a5256d"}
,"/Users/dongeolog/node_apps/buzzn/powergiver/app/contracts/sagas.js": {"path":"/Users/dongeolog/node_apps/buzzn/powergiver/app/contracts/sagas.js","statementMap":{"0":{"start":{"line":8,"column":27},"end":{"line":8,"column":59}},"1":{"start":{"line":8,"column":36},"end":{"line":8,"column":59}},"2":{"start":{"line":9,"column":32},"end":{"line":9,"column":67}},"3":{"start":{"line":9,"column":41},"end":{"line":9,"column":67}},"4":{"start":{"line":12,"column":2},"end":{"line":12,"column":39}},"5":{"start":{"line":13,"column":2},"end":{"line":13,"column":81}},"6":{"start":{"line":14,"column":2},"end":{"line":19,"column":3}},"7":{"start":{"line":15,"column":21},"end":{"line":15,"column":99}},"8":{"start":{"line":16,"column":4},"end":{"line":16,"column":111}},"9":{"start":{"line":18,"column":4},"end":{"line":18,"column":24}},"10":{"start":{"line":20,"column":2},"end":{"line":20,"column":38}},"11":{"start":{"line":24,"column":2},"end":{"line":37,"column":3}},"12":{"start":{"line":25,"column":16},"end":{"line":25,"column":129}},"13":{"start":{"line":26,"column":4},"end":{"line":34,"column":5}},"14":{"start":{"line":27,"column":6},"end":{"line":27,"column":51}},"15":{"start":{"line":29,"column":6},"end":{"line":29,"column":31}},"16":{"start":{"line":32,"column":25},"end":{"line":32,"column":55}},"17":{"start":{"line":33,"column":6},"end":{"line":33,"column":83}},"18":{"start":{"line":36,"column":4},"end":{"line":36,"column":24}},"19":{"start":{"line":41,"column":2},"end":{"line":41,"column":45}},"20":{"start":{"line":42,"column":2},"end":{"line":42,"column":43}},"21":{"start":{"line":43,"column":2},"end":{"line":49,"column":3}},"22":{"start":{"line":44,"column":29},"end":{"line":44,"column":103}},"23":{"start":{"line":45,"column":31},"end":{"line":45,"column":107}},"24":{"start":{"line":46,"column":4},"end":{"line":46,"column":95}},"25":{"start":{"line":48,"column":4},"end":{"line":48,"column":24}},"26":{"start":{"line":50,"column":2},"end":{"line":50,"column":44}},"27":{"start":{"line":54,"column":2},"end":{"line":54,"column":47}},"28":{"start":{"line":55,"column":2},"end":{"line":55,"column":45}},"29":{"start":{"line":56,"column":2},"end":{"line":61,"column":3}},"30":{"start":{"line":57,"column":18},"end":{"line":57,"column":92}},"31":{"start":{"line":58,"column":4},"end":{"line":58,"column":50}},"32":{"start":{"line":60,"column":4},"end":{"line":60,"column":24}},"33":{"start":{"line":62,"column":2},"end":{"line":62,"column":46}},"34":{"start":{"line":66,"column":2},"end":{"line":66,"column":98}},"35":{"start":{"line":67,"column":2},"end":{"line":67,"column":85}},"36":{"start":{"line":68,"column":2},"end":{"line":68,"column":97}},"37":{"start":{"line":69,"column":2},"end":{"line":69,"column":97}},"38":{"start":{"line":73,"column":30},"end":{"line":73,"column":66}},"39":{"start":{"line":74,"column":18},"end":{"line":74,"column":49}},"40":{"start":{"line":75,"column":18},"end":{"line":75,"column":43}},"41":{"start":{"line":76,"column":21},"end":{"line":76,"column":51}},"42":{"start":{"line":77,"column":2},"end":{"line":83,"column":3}},"43":{"start":{"line":78,"column":4},"end":{"line":78,"column":75}},"44":{"start":{"line":79,"column":4},"end":{"line":79,"column":72}},"45":{"start":{"line":80,"column":4},"end":{"line":82,"column":5}},"46":{"start":{"line":81,"column":6},"end":{"line":81,"column":83}},"47":{"start":{"line":85,"column":2},"end":{"line":90,"column":3}},"48":{"start":{"line":86,"column":18},"end":{"line":86,"column":71}},"49":{"start":{"line":87,"column":20},"end":{"line":87,"column":51}},"50":{"start":{"line":88,"column":4},"end":{"line":88,"column":26}},"51":{"start":{"line":89,"column":4},"end":{"line":89,"column":24}}},"fnMap":{"0":{"name":"(anonymous_0)","decl":{"start":{"line":8,"column":27},"end":{"line":8,"column":28}},"loc":{"start":{"line":8,"column":36},"end":{"line":8,"column":59}},"line":8},"1":{"name":"(anonymous_1)","decl":{"start":{"line":9,"column":32},"end":{"line":9,"column":33}},"loc":{"start":{"line":9,"column":41},"end":{"line":9,"column":67}},"line":9},"2":{"name":"getContract","decl":{"start":{"line":11,"column":17},"end":{"line":11,"column":28}},"loc":{"start":{"line":11,"column":82},"end":{"line":21,"column":1}},"line":11},"3":{"name":"updateBankAccount","decl":{"start":{"line":23,"column":17},"end":{"line":23,"column":34}},"loc":{"start":{"line":23,"column":136},"end":{"line":38,"column":1}},"line":23},"4":{"name":"getGroupContracts","decl":{"start":{"line":40,"column":17},"end":{"line":40,"column":34}},"loc":{"start":{"line":40,"column":76},"end":{"line":51,"column":1}},"line":40},"5":{"name":"getPowertakers","decl":{"start":{"line":53,"column":17},"end":{"line":53,"column":31}},"loc":{"start":{"line":53,"column":73},"end":{"line":63,"column":1}},"line":53},"6":{"name":"contractSagas","decl":{"start":{"line":65,"column":17},"end":{"line":65,"column":30}},"loc":{"start":{"line":65,"column":59},"end":{"line":70,"column":1}},"line":65},"7":{"name":"(anonymous_7)","decl":{"start":{"line":72,"column":15},"end":{"line":72,"column":16}},"loc":{"start":{"line":72,"column":28},"end":{"line":91,"column":1}},"line":72}},"branchMap":{"0":{"loc":{"start":{"line":26,"column":4},"end":{"line":34,"column":5}},"type":"if","locations":[{"start":{"line":26,"column":4},"end":{"line":34,"column":5}},{"start":{"line":26,"column":4},"end":{"line":34,"column":5}}],"line":26},"1":{"loc":{"start":{"line":77,"column":2},"end":{"line":83,"column":3}},"type":"if","locations":[{"start":{"line":77,"column":2},"end":{"line":83,"column":3}},{"start":{"line":77,"column":2},"end":{"line":83,"column":3}}],"line":77},"2":{"loc":{"start":{"line":80,"column":4},"end":{"line":82,"column":5}},"type":"if","locations":[{"start":{"line":80,"column":4},"end":{"line":82,"column":5}},{"start":{"line":80,"column":4},"end":{"line":82,"column":5}}],"line":80}},"s":{"0":1,"1":0,"2":1,"3":0,"4":0,"5":0,"6":0,"7":0,"8":0,"9":0,"10":0,"11":0,"12":0,"13":0,"14":0,"15":0,"16":0,"17":0,"18":0,"19":0,"20":0,"21":0,"22":0,"23":0,"24":0,"25":0,"26":0,"27":0,"28":0,"29":0,"30":0,"31":0,"32":0,"33":0,"34":0,"35":0,"36":0,"37":0,"38":0,"39":0,"40":0,"41":0,"42":0,"43":0,"44":0,"45":0,"46":0,"47":0,"48":0,"49":0,"50":0,"51":0},"f":{"0":0,"1":0,"2":0,"3":0,"4":0,"5":0,"6":0,"7":0},"b":{"0":[0,0],"1":[0,0],"2":[0,0]},"_coverageSchema":"332fd63041d2c1bcb487cc26dd0d5f7d97098a6c","hash":"7d69608eda1729fc5de3a9dafa6260631d00ce67"}
,"/Users/dongeolog/node_apps/buzzn/powergiver/app/groups/actions.js": {"path":"/Users/dongeolog/node_apps/buzzn/powergiver/app/groups/actions.js","statementMap":{"0":{"start":{"line":1,"column":25},"end":{"line":16,"column":1}},"1":{"start":{"line":18,"column":23},"end":{"line":33,"column":1}},"2":{"start":{"line":19,"column":42},"end":{"line":19,"column":93}},"3":{"start":{"line":20,"column":22},"end":{"line":20,"column":58}},"4":{"start":{"line":21,"column":22},"end":{"line":21,"column":54}},"5":{"start":{"line":22,"column":20},"end":{"line":22,"column":50}},"6":{"start":{"line":24,"column":25},"end":{"line":24,"column":64}},"7":{"start":{"line":25,"column":23},"end":{"line":25,"column":56}},"8":{"start":{"line":26,"column":22},"end":{"line":26,"column":54}},"9":{"start":{"line":27,"column":22},"end":{"line":27,"column":58}},"10":{"start":{"line":29,"column":21},"end":{"line":29,"column":52}},"11":{"start":{"line":30,"column":24},"end":{"line":30,"column":58}},"12":{"start":{"line":31,"column":23},"end":{"line":31,"column":56}},"13":{"start":{"line":32,"column":24},"end":{"line":32,"column":62}}},"fnMap":{"0":{"name":"(anonymous_0)","decl":{"start":{"line":19,"column":16},"end":{"line":19,"column":17}},"loc":{"start":{"line":19,"column":42},"end":{"line":19,"column":93}},"line":19},"1":{"name":"(anonymous_1)","decl":{"start":{"line":20,"column":12},"end":{"line":20,"column":13}},"loc":{"start":{"line":20,"column":22},"end":{"line":20,"column":58}},"line":20},"2":{"name":"(anonymous_2)","decl":{"start":{"line":21,"column":15},"end":{"line":21,"column":16}},"loc":{"start":{"line":21,"column":22},"end":{"line":21,"column":54}},"line":21},"3":{"name":"(anonymous_3)","decl":{"start":{"line":22,"column":13},"end":{"line":22,"column":14}},"loc":{"start":{"line":22,"column":20},"end":{"line":22,"column":50}},"line":22},"4":{"name":"(anonymous_4)","decl":{"start":{"line":24,"column":13},"end":{"line":24,"column":14}},"loc":{"start":{"line":24,"column":25},"end":{"line":24,"column":64}},"line":24},"5":{"name":"(anonymous_5)","decl":{"start":{"line":25,"column":16},"end":{"line":25,"column":17}},"loc":{"start":{"line":25,"column":23},"end":{"line":25,"column":56}},"line":25},"6":{"name":"(anonymous_6)","decl":{"start":{"line":26,"column":15},"end":{"line":26,"column":16}},"loc":{"start":{"line":26,"column":22},"end":{"line":26,"column":54}},"line":26},"7":{"name":"(anonymous_7)","decl":{"start":{"line":27,"column":12},"end":{"line":27,"column":13}},"loc":{"start":{"line":27,"column":22},"end":{"line":27,"column":58}},"line":27},"8":{"name":"(anonymous_8)","decl":{"start":{"line":29,"column":14},"end":{"line":29,"column":15}},"loc":{"start":{"line":29,"column":21},"end":{"line":29,"column":52}},"line":29},"9":{"name":"(anonymous_9)","decl":{"start":{"line":30,"column":17},"end":{"line":30,"column":18}},"loc":{"start":{"line":30,"column":24},"end":{"line":30,"column":58}},"line":30},"10":{"name":"(anonymous_10)","decl":{"start":{"line":31,"column":16},"end":{"line":31,"column":17}},"loc":{"start":{"line":31,"column":23},"end":{"line":31,"column":56}},"line":31},"11":{"name":"(anonymous_11)","decl":{"start":{"line":32,"column":13},"end":{"line":32,"column":14}},"loc":{"start":{"line":32,"column":24},"end":{"line":32,"column":62}},"line":32}},"branchMap":{},"s":{"0":1,"1":1,"2":0,"3":0,"4":0,"5":0,"6":0,"7":0,"8":0,"9":0,"10":0,"11":0,"12":0,"13":0},"f":{"0":0,"1":0,"2":0,"3":0,"4":0,"5":0,"6":0,"7":0,"8":0,"9":0,"10":0,"11":0},"b":{},"_coverageSchema":"332fd63041d2c1bcb487cc26dd0d5f7d97098a6c","hash":"bb05aa51f741af06db6c49b8051124fa6687bcfa"}
,"/Users/dongeolog/node_apps/buzzn/powergiver/app/groups/api.js": {"path":"/Users/dongeolog/node_apps/buzzn/powergiver/app/groups/api.js","statementMap":{"0":{"start":{"line":6,"column":4},"end":{"line":10,"column":32}},"1":{"start":{"line":13,"column":4},"end":{"line":17,"column":32}}},"fnMap":{},"branchMap":{},"s":{"0":0,"1":0},"f":{},"b":{},"_coverageSchema":"332fd63041d2c1bcb487cc26dd0d5f7d97098a6c","hash":"592fa1d30b6a7b960db5d1d051999789cead6097"}
,"/Users/dongeolog/node_apps/buzzn/powergiver/app/groups/index.js": {"path":"/Users/dongeolog/node_apps/buzzn/powergiver/app/groups/index.js","statementMap":{},"fnMap":{},"branchMap":{},"s":{},"f":{},"b":{},"_coverageSchema":"332fd63041d2c1bcb487cc26dd0d5f7d97098a6c","hash":"4e54c85f247fe4ad6ce9ae1b678e0cc8304fab65"}
,"/Users/dongeolog/node_apps/buzzn/powergiver/app/groups/reducers.js": {"path":"/Users/dongeolog/node_apps/buzzn/powergiver/app/groups/reducers.js","statementMap":{"0":{"start":{"line":3,"column":28},"end":{"line":10,"column":1}},"1":{"start":{"line":13,"column":2},"end":{"line":38,"column":3}},"2":{"start":{"line":15,"column":6},"end":{"line":15,"column":51}},"3":{"start":{"line":17,"column":6},"end":{"line":17,"column":46}},"4":{"start":{"line":19,"column":6},"end":{"line":19,"column":47}},"5":{"start":{"line":21,"column":6},"end":{"line":21,"column":47}},"6":{"start":{"line":24,"column":6},"end":{"line":24,"column":47}},"7":{"start":{"line":26,"column":6},"end":{"line":26,"column":48}},"8":{"start":{"line":28,"column":6},"end":{"line":28,"column":49}},"9":{"start":{"line":31,"column":6},"end":{"line":31,"column":45}},"10":{"start":{"line":33,"column":6},"end":{"line":33,"column":44}},"11":{"start":{"line":37,"column":6},"end":{"line":37,"column":19}}},"fnMap":{"0":{"name":"(anonymous_0)","decl":{"start":{"line":12,"column":15},"end":{"line":12,"column":16}},"loc":{"start":{"line":12,"column":55},"end":{"line":39,"column":1}},"line":12}},"branchMap":{"0":{"loc":{"start":{"line":12,"column":25},"end":{"line":12,"column":45}},"type":"default-arg","locations":[{"start":{"line":12,"column":33},"end":{"line":12,"column":45}}],"line":12},"1":{"loc":{"start":{"line":13,"column":2},"end":{"line":38,"column":3}},"type":"switch","locations":[{"start":{"line":14,"column":4},"end":{"line":15,"column":51}},{"start":{"line":16,"column":4},"end":{"line":17,"column":46}},{"start":{"line":18,"column":4},"end":{"line":19,"column":47}},{"start":{"line":20,"column":4},"end":{"line":21,"column":47}},{"start":{"line":23,"column":4},"end":{"line":24,"column":47}},{"start":{"line":25,"column":4},"end":{"line":26,"column":48}},{"start":{"line":27,"column":4},"end":{"line":28,"column":49}},{"start":{"line":30,"column":4},"end":{"line":31,"column":45}},{"start":{"line":32,"column":4},"end":{"line":33,"column":44}},{"start":{"line":35,"column":4},"end":{"line":35,"column":29}},{"start":{"line":36,"column":4},"end":{"line":37,"column":19}}],"line":13}},"s":{"0":1,"1":2,"2":0,"3":0,"4":0,"5":0,"6":0,"7":0,"8":0,"9":0,"10":0,"11":2},"f":{"0":2},"b":{"0":[2],"1":[0,0,0,0,0,0,0,0,0,0,2]},"_coverageSchema":"332fd63041d2c1bcb487cc26dd0d5f7d97098a6c","hash":"01e9438a4ed66ec91f54ac93f2e16db7c9a6c801"}
,"/Users/dongeolog/node_apps/buzzn/powergiver/app/groups/sagas.js": {"path":"/Users/dongeolog/node_apps/buzzn/powergiver/app/groups/sagas.js","statementMap":{"0":{"start":{"line":7,"column":29},"end":{"line":7,"column":58}},"1":{"start":{"line":7,"column":38},"end":{"line":7,"column":58}},"2":{"start":{"line":10,"column":2},"end":{"line":10,"column":36}},"3":{"start":{"line":11,"column":2},"end":{"line":11,"column":34}},"4":{"start":{"line":12,"column":2},"end":{"line":18,"column":3}},"5":{"start":{"line":13,"column":18},"end":{"line":13,"column":81}},"6":{"start":{"line":14,"column":4},"end":{"line":14,"column":39}},"7":{"start":{"line":15,"column":4},"end":{"line":15,"column":60}},"8":{"start":{"line":17,"column":4},"end":{"line":17,"column":24}},"9":{"start":{"line":19,"column":2},"end":{"line":19,"column":35}},"10":{"start":{"line":23,"column":2},"end":{"line":23,"column":37}},"11":{"start":{"line":24,"column":2},"end":{"line":24,"column":35}},"12":{"start":{"line":25,"column":2},"end":{"line":30,"column":3}},"13":{"start":{"line":26,"column":19},"end":{"line":26,"column":74}},"14":{"start":{"line":27,"column":4},"end":{"line":27,"column":47}},"15":{"start":{"line":29,"column":4},"end":{"line":29,"column":24}},"16":{"start":{"line":31,"column":2},"end":{"line":31,"column":36}},"17":{"start":{"line":35,"column":2},"end":{"line":35,"column":81}},"18":{"start":{"line":36,"column":2},"end":{"line":36,"column":79}},"19":{"start":{"line":40,"column":30},"end":{"line":40,"column":66}},"20":{"start":{"line":41,"column":18},"end":{"line":41,"column":49}},"21":{"start":{"line":43,"column":2},"end":{"line":55,"column":3}},"22":{"start":{"line":44,"column":20},"end":{"line":44,"column":47}},"23":{"start":{"line":45,"column":4},"end":{"line":45,"column":54}},"24":{"start":{"line":46,"column":4},"end":{"line":46,"column":79}},"25":{"start":{"line":46,"column":17},"end":{"line":46,"column":79}},"26":{"start":{"line":48,"column":18},"end":{"line":48,"column":69}},"27":{"start":{"line":49,"column":4},"end":{"line":49,"column":35}},"28":{"start":{"line":51,"column":20},"end":{"line":51,"column":51}},"29":{"start":{"line":52,"column":4},"end":{"line":52,"column":26}},"30":{"start":{"line":53,"column":4},"end":{"line":53,"column":37}},"31":{"start":{"line":54,"column":4},"end":{"line":54,"column":24}}},"fnMap":{"0":{"name":"(anonymous_0)","decl":{"start":{"line":7,"column":29},"end":{"line":7,"column":30}},"loc":{"start":{"line":7,"column":38},"end":{"line":7,"column":58}},"line":7},"1":{"name":"getGroup","decl":{"start":{"line":9,"column":17},"end":{"line":9,"column":25}},"loc":{"start":{"line":9,"column":67},"end":{"line":20,"column":1}},"line":9},"2":{"name":"getGroups","decl":{"start":{"line":22,"column":17},"end":{"line":22,"column":26}},"loc":{"start":{"line":22,"column":55},"end":{"line":32,"column":1}},"line":22},"3":{"name":"groupsSagas","decl":{"start":{"line":34,"column":17},"end":{"line":34,"column":28}},"loc":{"start":{"line":34,"column":57},"end":{"line":37,"column":1}},"line":34},"4":{"name":"(anonymous_4)","decl":{"start":{"line":39,"column":15},"end":{"line":39,"column":16}},"loc":{"start":{"line":39,"column":28},"end":{"line":56,"column":1}},"line":39}},"branchMap":{"0":{"loc":{"start":{"line":46,"column":4},"end":{"line":46,"column":79}},"type":"if","locations":[{"start":{"line":46,"column":4},"end":{"line":46,"column":79}},{"start":{"line":46,"column":4},"end":{"line":46,"column":79}}],"line":46}},"s":{"0":1,"1":0,"2":0,"3":0,"4":0,"5":0,"6":0,"7":0,"8":0,"9":0,"10":0,"11":0,"12":0,"13":0,"14":0,"15":0,"16":0,"17":0,"18":0,"19":0,"20":0,"21":0,"22":0,"23":0,"24":0,"25":0,"26":0,"27":0,"28":0,"29":0,"30":0,"31":0},"f":{"0":0,"1":0,"2":0,"3":0,"4":0},"b":{"0":[0,0]},"_coverageSchema":"332fd63041d2c1bcb487cc26dd0d5f7d97098a6c","hash":"075248f8b7bf12f4a2560bb776c3245af0e460c1"}
,"/Users/dongeolog/node_apps/buzzn/powergiver/app/meters/actions.js": {"path":"/Users/dongeolog/node_apps/buzzn/powergiver/app/meters/actions.js","statementMap":{"0":{"start":{"line":1,"column":25},"end":{"line":20,"column":1}},"1":{"start":{"line":22,"column":23},"end":{"line":43,"column":1}},"2":{"start":{"line":23,"column":42},"end":{"line":23,"column":93}},"3":{"start":{"line":24,"column":22},"end":{"line":24,"column":58}},"4":{"start":{"line":26,"column":50},"end":{"line":26,"column":116}},"5":{"start":{"line":27,"column":56},"end":{"line":27,"column":128}},"6":{"start":{"line":29,"column":40},"end":{"line":29,"column":88}},"7":{"start":{"line":30,"column":23},"end":{"line":30,"column":56}},"8":{"start":{"line":31,"column":22},"end":{"line":31,"column":54}},"9":{"start":{"line":32,"column":22},"end":{"line":32,"column":58}},"10":{"start":{"line":35,"column":4},"end":{"line":35,"column":79}},"11":{"start":{"line":37,"column":4},"end":{"line":37,"column":101}},"12":{"start":{"line":39,"column":31},"end":{"line":39,"column":77}},"13":{"start":{"line":40,"column":29},"end":{"line":40,"column":69}},"14":{"start":{"line":41,"column":28},"end":{"line":41,"column":67}},"15":{"start":{"line":42,"column":34},"end":{"line":42,"column":83}}},"fnMap":{"0":{"name":"(anonymous_0)","decl":{"start":{"line":23,"column":16},"end":{"line":23,"column":17}},"loc":{"start":{"line":23,"column":42},"end":{"line":23,"column":93}},"line":23},"1":{"name":"(anonymous_1)","decl":{"start":{"line":24,"column":12},"end":{"line":24,"column":13}},"loc":{"start":{"line":24,"column":22},"end":{"line":24,"column":58}},"line":24},"2":{"name":"(anonymous_2)","decl":{"start":{"line":26,"column":26},"end":{"line":26,"column":27}},"loc":{"start":{"line":26,"column":50},"end":{"line":26,"column":116}},"line":26},"3":{"name":"(anonymous_3)","decl":{"start":{"line":27,"column":29},"end":{"line":27,"column":30}},"loc":{"start":{"line":27,"column":56},"end":{"line":27,"column":128}},"line":27},"4":{"name":"(anonymous_4)","decl":{"start":{"line":29,"column":13},"end":{"line":29,"column":14}},"loc":{"start":{"line":29,"column":40},"end":{"line":29,"column":88}},"line":29},"5":{"name":"(anonymous_5)","decl":{"start":{"line":30,"column":16},"end":{"line":30,"column":17}},"loc":{"start":{"line":30,"column":23},"end":{"line":30,"column":56}},"line":30},"6":{"name":"(anonymous_6)","decl":{"start":{"line":31,"column":15},"end":{"line":31,"column":16}},"loc":{"start":{"line":31,"column":22},"end":{"line":31,"column":54}},"line":31},"7":{"name":"(anonymous_7)","decl":{"start":{"line":32,"column":12},"end":{"line":32,"column":13}},"loc":{"start":{"line":32,"column":22},"end":{"line":32,"column":58}},"line":32},"8":{"name":"(anonymous_8)","decl":{"start":{"line":34,"column":15},"end":{"line":34,"column":16}},"loc":{"start":{"line":35,"column":4},"end":{"line":35,"column":79}},"line":35},"9":{"name":"(anonymous_9)","decl":{"start":{"line":36,"column":21},"end":{"line":36,"column":22}},"loc":{"start":{"line":37,"column":4},"end":{"line":37,"column":101}},"line":37},"10":{"name":"(anonymous_10)","decl":{"start":{"line":39,"column":19},"end":{"line":39,"column":20}},"loc":{"start":{"line":39,"column":31},"end":{"line":39,"column":77}},"line":39},"11":{"name":"(anonymous_11)","decl":{"start":{"line":40,"column":22},"end":{"line":40,"column":23}},"loc":{"start":{"line":40,"column":29},"end":{"line":40,"column":69}},"line":40},"12":{"name":"(anonymous_12)","decl":{"start":{"line":41,"column":21},"end":{"line":41,"column":22}},"loc":{"start":{"line":41,"column":28},"end":{"line":41,"column":67}},"line":41},"13":{"name":"(anonymous_13)","decl":{"start":{"line":42,"column":18},"end":{"line":42,"column":19}},"loc":{"start":{"line":42,"column":34},"end":{"line":42,"column":83}},"line":42}},"branchMap":{},"s":{"0":1,"1":1,"2":0,"3":0,"4":0,"5":0,"6":0,"7":0,"8":0,"9":0,"10":0,"11":0,"12":0,"13":0,"14":0,"15":0},"f":{"0":0,"1":0,"2":0,"3":0,"4":0,"5":0,"6":0,"7":0,"8":0,"9":0,"10":0,"11":0,"12":0,"13":0},"b":{},"_coverageSchema":"332fd63041d2c1bcb487cc26dd0d5f7d97098a6c","hash":"4ff99c070f989e84f9b4c7c27960829d81446c99"}
,"/Users/dongeolog/node_apps/buzzn/powergiver/app/meters/api.js": {"path":"/Users/dongeolog/node_apps/buzzn/powergiver/app/meters/api.js","statementMap":{"0":{"start":{"line":11,"column":4},"end":{"line":15,"column":32}},"1":{"start":{"line":18,"column":4},"end":{"line":23,"column":25}},"2":{"start":{"line":26,"column":4},"end":{"line":31,"column":25}},"3":{"start":{"line":34,"column":4},"end":{"line":38,"column":32}}},"fnMap":{},"branchMap":{},"s":{"0":0,"1":0,"2":0,"3":0},"f":{},"b":{},"_coverageSchema":"332fd63041d2c1bcb487cc26dd0d5f7d97098a6c","hash":"59ade42c5c3036aa227220f2d4ea1b1edaafd8c6"}
,"/Users/dongeolog/node_apps/buzzn/powergiver/app/meters/reducers.js": {"path":"/Users/dongeolog/node_apps/buzzn/powergiver/app/meters/reducers.js","statementMap":{"0":{"start":{"line":4,"column":28},"end":{"line":13,"column":1}},"1":{"start":{"line":16,"column":2},"end":{"line":45,"column":3}},"2":{"start":{"line":18,"column":6},"end":{"line":18,"column":76}},"3":{"start":{"line":20,"column":6},"end":{"line":20,"column":46}},"4":{"start":{"line":22,"column":6},"end":{"line":22,"column":47}},"5":{"start":{"line":24,"column":6},"end":{"line":24,"column":105}},"6":{"start":{"line":27,"column":6},"end":{"line":27,"column":51}},"7":{"start":{"line":29,"column":6},"end":{"line":29,"column":51}},"8":{"start":{"line":31,"column":6},"end":{"line":31,"column":52}},"9":{"start":{"line":33,"column":6},"end":{"line":33,"column":59}},"10":{"start":{"line":36,"column":6},"end":{"line":36,"column":44}},"11":{"start":{"line":39,"column":6},"end":{"line":39,"column":75}},"12":{"start":{"line":41,"column":6},"end":{"line":41,"column":81}},"13":{"start":{"line":44,"column":6},"end":{"line":44,"column":19}}},"fnMap":{"0":{"name":"(anonymous_0)","decl":{"start":{"line":15,"column":15},"end":{"line":15,"column":16}},"loc":{"start":{"line":15,"column":55},"end":{"line":46,"column":1}},"line":15}},"branchMap":{"0":{"loc":{"start":{"line":15,"column":25},"end":{"line":15,"column":45}},"type":"default-arg","locations":[{"start":{"line":15,"column":33},"end":{"line":15,"column":45}}],"line":15},"1":{"loc":{"start":{"line":16,"column":2},"end":{"line":45,"column":3}},"type":"switch","locations":[{"start":{"line":17,"column":4},"end":{"line":18,"column":76}},{"start":{"line":19,"column":4},"end":{"line":20,"column":46}},{"start":{"line":21,"column":4},"end":{"line":22,"column":47}},{"start":{"line":23,"column":4},"end":{"line":24,"column":105}},{"start":{"line":26,"column":4},"end":{"line":27,"column":51}},{"start":{"line":28,"column":4},"end":{"line":29,"column":51}},{"start":{"line":30,"column":4},"end":{"line":31,"column":52}},{"start":{"line":32,"column":4},"end":{"line":33,"column":59}},{"start":{"line":35,"column":4},"end":{"line":36,"column":44}},{"start":{"line":38,"column":4},"end":{"line":39,"column":75}},{"start":{"line":40,"column":4},"end":{"line":41,"column":81}},{"start":{"line":43,"column":4},"end":{"line":44,"column":19}}],"line":16}},"s":{"0":1,"1":2,"2":0,"3":0,"4":0,"5":0,"6":0,"7":0,"8":0,"9":0,"10":0,"11":0,"12":0,"13":2},"f":{"0":2},"b":{"0":[2],"1":[0,0,0,0,0,0,0,0,0,0,0,2]},"_coverageSchema":"332fd63041d2c1bcb487cc26dd0d5f7d97098a6c","hash":"0a6216ab0838cff387ec3d2c28f3f8a0e6668e54"}
,"/Users/dongeolog/node_apps/buzzn/powergiver/app/meters/sagas.js": {"path":"/Users/dongeolog/node_apps/buzzn/powergiver/app/meters/sagas.js","statementMap":{"0":{"start":{"line":7,"column":29},"end":{"line":7,"column":58}},"1":{"start":{"line":7,"column":38},"end":{"line":7,"column":58}},"2":{"start":{"line":8,"column":29},"end":{"line":8,"column":58}},"3":{"start":{"line":8,"column":38},"end":{"line":8,"column":58}},"4":{"start":{"line":11,"column":2},"end":{"line":11,"column":36}},"5":{"start":{"line":12,"column":2},"end":{"line":12,"column":34}},"6":{"start":{"line":13,"column":2},"end":{"line":18,"column":3}},"7":{"start":{"line":14,"column":18},"end":{"line":14,"column":90}},"8":{"start":{"line":15,"column":4},"end":{"line":15,"column":39}},"9":{"start":{"line":17,"column":4},"end":{"line":17,"column":24}},"10":{"start":{"line":19,"column":2},"end":{"line":19,"column":35}},"11":{"start":{"line":23,"column":2},"end":{"line":33,"column":3}},"12":{"start":{"line":24,"column":16},"end":{"line":24,"column":97}},"13":{"start":{"line":25,"column":4},"end":{"line":30,"column":5}},"14":{"start":{"line":26,"column":6},"end":{"line":26,"column":51}},"15":{"start":{"line":28,"column":6},"end":{"line":28,"column":31}},"16":{"start":{"line":29,"column":6},"end":{"line":29,"column":77}},"17":{"start":{"line":32,"column":4},"end":{"line":32,"column":24}},"18":{"start":{"line":37,"column":2},"end":{"line":47,"column":3}},"19":{"start":{"line":38,"column":16},"end":{"line":38,"column":118}},"20":{"start":{"line":39,"column":4},"end":{"line":44,"column":5}},"21":{"start":{"line":40,"column":6},"end":{"line":40,"column":51}},"22":{"start":{"line":42,"column":6},"end":{"line":42,"column":31}},"23":{"start":{"line":43,"column":6},"end":{"line":43,"column":77}},"24":{"start":{"line":46,"column":4},"end":{"line":46,"column":24}},"25":{"start":{"line":51,"column":2},"end":{"line":51,"column":42}},"26":{"start":{"line":52,"column":2},"end":{"line":52,"column":40}},"27":{"start":{"line":53,"column":2},"end":{"line":58,"column":3}},"28":{"start":{"line":54,"column":24},"end":{"line":54,"column":93}},"29":{"start":{"line":55,"column":4},"end":{"line":55,"column":57}},"30":{"start":{"line":57,"column":4},"end":{"line":57,"column":24}},"31":{"start":{"line":59,"column":2},"end":{"line":59,"column":41}},"32":{"start":{"line":63,"column":2},"end":{"line":63,"column":92}},"33":{"start":{"line":64,"column":2},"end":{"line":64,"column":79}},"34":{"start":{"line":65,"column":2},"end":{"line":65,"column":84}},"35":{"start":{"line":66,"column":2},"end":{"line":66,"column":97}},"36":{"start":{"line":70,"column":30},"end":{"line":70,"column":66}},"37":{"start":{"line":71,"column":18},"end":{"line":71,"column":49}},"38":{"start":{"line":72,"column":18},"end":{"line":72,"column":45}},"39":{"start":{"line":73,"column":18},"end":{"line":73,"column":45}},"40":{"start":{"line":74,"column":2},"end":{"line":74,"column":86}},"41":{"start":{"line":74,"column":15},"end":{"line":74,"column":86}},"42":{"start":{"line":75,"column":2},"end":{"line":75,"column":83}},"43":{"start":{"line":75,"column":15},"end":{"line":75,"column":83}},"44":{"start":{"line":77,"column":2},"end":{"line":82,"column":3}},"45":{"start":{"line":78,"column":18},"end":{"line":78,"column":69}},"46":{"start":{"line":79,"column":20},"end":{"line":79,"column":51}},"47":{"start":{"line":80,"column":4},"end":{"line":80,"column":26}},"48":{"start":{"line":81,"column":4},"end":{"line":81,"column":24}}},"fnMap":{"0":{"name":"(anonymous_0)","decl":{"start":{"line":7,"column":29},"end":{"line":7,"column":30}},"loc":{"start":{"line":7,"column":38},"end":{"line":7,"column":58}},"line":7},"1":{"name":"(anonymous_1)","decl":{"start":{"line":8,"column":29},"end":{"line":8,"column":30}},"loc":{"start":{"line":8,"column":38},"end":{"line":8,"column":58}},"line":8},"2":{"name":"getMeter","decl":{"start":{"line":10,"column":17},"end":{"line":10,"column":25}},"loc":{"start":{"line":10,"column":76},"end":{"line":20,"column":1}},"line":10},"3":{"name":"updateMeter","decl":{"start":{"line":22,"column":17},"end":{"line":22,"column":28}},"loc":{"start":{"line":22,"column":104},"end":{"line":34,"column":1}},"line":22},"4":{"name":"updateFormulaPart","decl":{"start":{"line":36,"column":17},"end":{"line":36,"column":34}},"loc":{"start":{"line":36,"column":125},"end":{"line":48,"column":1}},"line":36},"5":{"name":"getGroupMeters","decl":{"start":{"line":50,"column":17},"end":{"line":50,"column":31}},"loc":{"start":{"line":50,"column":73},"end":{"line":60,"column":1}},"line":50},"6":{"name":"metersSagas","decl":{"start":{"line":62,"column":17},"end":{"line":62,"column":28}},"loc":{"start":{"line":62,"column":57},"end":{"line":67,"column":1}},"line":62},"7":{"name":"(anonymous_7)","decl":{"start":{"line":69,"column":15},"end":{"line":69,"column":16}},"loc":{"start":{"line":69,"column":28},"end":{"line":83,"column":1}},"line":69}},"branchMap":{"0":{"loc":{"start":{"line":25,"column":4},"end":{"line":30,"column":5}},"type":"if","locations":[{"start":{"line":25,"column":4},"end":{"line":30,"column":5}},{"start":{"line":25,"column":4},"end":{"line":30,"column":5}}],"line":25},"1":{"loc":{"start":{"line":39,"column":4},"end":{"line":44,"column":5}},"type":"if","locations":[{"start":{"line":39,"column":4},"end":{"line":44,"column":5}},{"start":{"line":39,"column":4},"end":{"line":44,"column":5}}],"line":39},"2":{"loc":{"start":{"line":74,"column":2},"end":{"line":74,"column":86}},"type":"if","locations":[{"start":{"line":74,"column":2},"end":{"line":74,"column":86}},{"start":{"line":74,"column":2},"end":{"line":74,"column":86}}],"line":74},"3":{"loc":{"start":{"line":75,"column":2},"end":{"line":75,"column":83}},"type":"if","locations":[{"start":{"line":75,"column":2},"end":{"line":75,"column":83}},{"start":{"line":75,"column":2},"end":{"line":75,"column":83}}],"line":75}},"s":{"0":1,"1":0,"2":1,"3":0,"4":0,"5":0,"6":0,"7":0,"8":0,"9":0,"10":0,"11":0,"12":0,"13":0,"14":0,"15":0,"16":0,"17":0,"18":0,"19":0,"20":0,"21":0,"22":0,"23":0,"24":0,"25":0,"26":0,"27":0,"28":0,"29":0,"30":0,"31":0,"32":0,"33":0,"34":0,"35":0,"36":0,"37":0,"38":0,"39":0,"40":0,"41":0,"42":0,"43":0,"44":0,"45":0,"46":0,"47":0,"48":0},"f":{"0":0,"1":0,"2":0,"3":0,"4":0,"5":0,"6":0,"7":0},"b":{"0":[0,0],"1":[0,0],"2":[0,0],"3":[0,0]},"_coverageSchema":"332fd63041d2c1bcb487cc26dd0d5f7d97098a6c","hash":"290e667568aa1b979714d6a6a012ede5b73fc3ac"}
,"/Users/dongeolog/node_apps/buzzn/powergiver/app/registers/actions.js": {"path":"/Users/dongeolog/node_apps/buzzn/powergiver/app/registers/actions.js","statementMap":{"0":{"start":{"line":1,"column":25},"end":{"line":18,"column":1}},"1":{"start":{"line":20,"column":23},"end":{"line":38,"column":1}},"2":{"start":{"line":21,"column":42},"end":{"line":21,"column":93}},"3":{"start":{"line":22,"column":22},"end":{"line":22,"column":58}},"4":{"start":{"line":24,"column":42},"end":{"line":24,"column":99}},"5":{"start":{"line":26,"column":46},"end":{"line":26,"column":100}},"6":{"start":{"line":27,"column":26},"end":{"line":27,"column":62}},"7":{"start":{"line":28,"column":25},"end":{"line":28,"column":60}},"8":{"start":{"line":29,"column":44},"end":{"line":29,"column":96}},"9":{"start":{"line":32,"column":4},"end":{"line":32,"column":94}},"10":{"start":{"line":34,"column":35},"end":{"line":34,"column":78}},"11":{"start":{"line":35,"column":27},"end":{"line":35,"column":64}},"12":{"start":{"line":36,"column":26},"end":{"line":36,"column":62}},"13":{"start":{"line":37,"column":30},"end":{"line":37,"column":74}}},"fnMap":{"0":{"name":"(anonymous_0)","decl":{"start":{"line":21,"column":16},"end":{"line":21,"column":17}},"loc":{"start":{"line":21,"column":42},"end":{"line":21,"column":93}},"line":21},"1":{"name":"(anonymous_1)","decl":{"start":{"line":22,"column":12},"end":{"line":22,"column":13}},"loc":{"start":{"line":22,"column":22},"end":{"line":22,"column":58}},"line":22},"2":{"name":"(anonymous_2)","decl":{"start":{"line":24,"column":22},"end":{"line":24,"column":23}},"loc":{"start":{"line":24,"column":42},"end":{"line":24,"column":99}},"line":24},"3":{"name":"(anonymous_3)","decl":{"start":{"line":26,"column":16},"end":{"line":26,"column":17}},"loc":{"start":{"line":26,"column":46},"end":{"line":26,"column":100}},"line":26},"4":{"name":"(anonymous_4)","decl":{"start":{"line":27,"column":19},"end":{"line":27,"column":20}},"loc":{"start":{"line":27,"column":26},"end":{"line":27,"column":62}},"line":27},"5":{"name":"(anonymous_5)","decl":{"start":{"line":28,"column":18},"end":{"line":28,"column":19}},"loc":{"start":{"line":28,"column":25},"end":{"line":28,"column":60}},"line":28},"6":{"name":"(anonymous_6)","decl":{"start":{"line":29,"column":15},"end":{"line":29,"column":16}},"loc":{"start":{"line":29,"column":44},"end":{"line":29,"column":96}},"line":29},"7":{"name":"(anonymous_7)","decl":{"start":{"line":31,"column":18},"end":{"line":31,"column":19}},"loc":{"start":{"line":32,"column":4},"end":{"line":32,"column":94}},"line":32},"8":{"name":"(anonymous_8)","decl":{"start":{"line":34,"column":17},"end":{"line":34,"column":18}},"loc":{"start":{"line":34,"column":35},"end":{"line":34,"column":78}},"line":34},"9":{"name":"(anonymous_9)","decl":{"start":{"line":35,"column":20},"end":{"line":35,"column":21}},"loc":{"start":{"line":35,"column":27},"end":{"line":35,"column":64}},"line":35},"10":{"name":"(anonymous_10)","decl":{"start":{"line":36,"column":19},"end":{"line":36,"column":20}},"loc":{"start":{"line":36,"column":26},"end":{"line":36,"column":62}},"line":36},"11":{"name":"(anonymous_11)","decl":{"start":{"line":37,"column":16},"end":{"line":37,"column":17}},"loc":{"start":{"line":37,"column":30},"end":{"line":37,"column":74}},"line":37}},"branchMap":{},"s":{"0":1,"1":1,"2":0,"3":0,"4":0,"5":0,"6":0,"7":0,"8":0,"9":0,"10":0,"11":0,"12":0,"13":0},"f":{"0":0,"1":0,"2":0,"3":0,"4":0,"5":0,"6":0,"7":0,"8":0,"9":0,"10":0,"11":0},"b":{},"_coverageSchema":"332fd63041d2c1bcb487cc26dd0d5f7d97098a6c","hash":"cceeac8c9a29c2920976768d66fed2677a76c175"}
,"/Users/dongeolog/node_apps/buzzn/powergiver/app/registers/api.js": {"path":"/Users/dongeolog/node_apps/buzzn/powergiver/app/registers/api.js","statementMap":{"0":{"start":{"line":6,"column":4},"end":{"line":10,"column":32}},"1":{"start":{"line":13,"column":4},"end":{"line":18,"column":25}},"2":{"start":{"line":21,"column":4},"end":{"line":25,"column":32}},"3":{"start":{"line":28,"column":4},"end":{"line":32,"column":32}}},"fnMap":{},"branchMap":{},"s":{"0":0,"1":0,"2":0,"3":0},"f":{},"b":{},"_coverageSchema":"332fd63041d2c1bcb487cc26dd0d5f7d97098a6c","hash":"f3cb2769eb89afbebeaf0456eaaa9a6ad4088c44"}
,"/Users/dongeolog/node_apps/buzzn/powergiver/app/registers/reducers.js": {"path":"/Users/dongeolog/node_apps/buzzn/powergiver/app/registers/reducers.js","statementMap":{"0":{"start":{"line":3,"column":28},"end":{"line":10,"column":1}},"1":{"start":{"line":13,"column":2},"end":{"line":37,"column":3}},"2":{"start":{"line":15,"column":6},"end":{"line":15,"column":82}},"3":{"start":{"line":17,"column":6},"end":{"line":17,"column":49}},"4":{"start":{"line":19,"column":6},"end":{"line":19,"column":50}},"5":{"start":{"line":21,"column":6},"end":{"line":21,"column":80}},"6":{"start":{"line":24,"column":6},"end":{"line":24,"column":51}},"7":{"start":{"line":26,"column":6},"end":{"line":26,"column":50}},"8":{"start":{"line":28,"column":6},"end":{"line":28,"column":51}},"9":{"start":{"line":30,"column":6},"end":{"line":30,"column":55}},"10":{"start":{"line":33,"column":6},"end":{"line":33,"column":67}},"11":{"start":{"line":36,"column":6},"end":{"line":36,"column":19}}},"fnMap":{"0":{"name":"(anonymous_0)","decl":{"start":{"line":12,"column":15},"end":{"line":12,"column":16}},"loc":{"start":{"line":12,"column":55},"end":{"line":38,"column":1}},"line":12}},"branchMap":{"0":{"loc":{"start":{"line":12,"column":25},"end":{"line":12,"column":45}},"type":"default-arg","locations":[{"start":{"line":12,"column":33},"end":{"line":12,"column":45}}],"line":12},"1":{"loc":{"start":{"line":13,"column":2},"end":{"line":37,"column":3}},"type":"switch","locations":[{"start":{"line":14,"column":4},"end":{"line":15,"column":82}},{"start":{"line":16,"column":4},"end":{"line":17,"column":49}},{"start":{"line":18,"column":4},"end":{"line":19,"column":50}},{"start":{"line":20,"column":4},"end":{"line":21,"column":80}},{"start":{"line":23,"column":4},"end":{"line":24,"column":51}},{"start":{"line":25,"column":4},"end":{"line":26,"column":50}},{"start":{"line":27,"column":4},"end":{"line":28,"column":51}},{"start":{"line":29,"column":4},"end":{"line":30,"column":55}},{"start":{"line":32,"column":4},"end":{"line":33,"column":67}},{"start":{"line":35,"column":4},"end":{"line":36,"column":19}}],"line":13}},"s":{"0":1,"1":2,"2":0,"3":0,"4":0,"5":0,"6":0,"7":0,"8":0,"9":0,"10":0,"11":2},"f":{"0":2},"b":{"0":[2],"1":[0,0,0,0,0,0,0,0,0,2]},"_coverageSchema":"332fd63041d2c1bcb487cc26dd0d5f7d97098a6c","hash":"5bd303c979e316a18643f64d80f1cd098ffa8078"}
,"/Users/dongeolog/node_apps/buzzn/powergiver/app/registers/sagas.js": {"path":"/Users/dongeolog/node_apps/buzzn/powergiver/app/registers/sagas.js","statementMap":{"0":{"start":{"line":7,"column":27},"end":{"line":7,"column":74}},"1":{"start":{"line":7,"column":37},"end":{"line":7,"column":73}},"2":{"start":{"line":8,"column":30},"end":{"line":8,"column":83}},"3":{"start":{"line":8,"column":40},"end":{"line":8,"column":82}},"4":{"start":{"line":11,"column":2},"end":{"line":11,"column":39}},"5":{"start":{"line":12,"column":2},"end":{"line":12,"column":65}},"6":{"start":{"line":13,"column":2},"end":{"line":19,"column":3}},"7":{"start":{"line":14,"column":21},"end":{"line":14,"column":99}},"8":{"start":{"line":15,"column":21},"end":{"line":15,"column":107}},"9":{"start":{"line":16,"column":4},"end":{"line":16,"column":75}},"10":{"start":{"line":18,"column":4},"end":{"line":18,"column":24}},"11":{"start":{"line":20,"column":2},"end":{"line":20,"column":38}},"12":{"start":{"line":24,"column":2},"end":{"line":34,"column":3}},"13":{"start":{"line":25,"column":16},"end":{"line":25,"column":112}},"14":{"start":{"line":26,"column":4},"end":{"line":31,"column":5}},"15":{"start":{"line":27,"column":6},"end":{"line":27,"column":51}},"16":{"start":{"line":29,"column":6},"end":{"line":29,"column":31}},"17":{"start":{"line":30,"column":6},"end":{"line":30,"column":83}},"18":{"start":{"line":33,"column":4},"end":{"line":33,"column":24}},"19":{"start":{"line":40,"column":2},"end":{"line":40,"column":40}},"20":{"start":{"line":41,"column":2},"end":{"line":41,"column":38}},"21":{"start":{"line":42,"column":2},"end":{"line":48,"column":3}},"22":{"start":{"line":43,"column":20},"end":{"line":43,"column":22}},"23":{"start":{"line":44,"column":4},"end":{"line":44,"column":89}},"24":{"start":{"line":45,"column":4},"end":{"line":45,"column":53}},"25":{"start":{"line":47,"column":4},"end":{"line":47,"column":24}},"26":{"start":{"line":49,"column":2},"end":{"line":49,"column":39}},"27":{"start":{"line":53,"column":2},"end":{"line":53,"column":87}},"28":{"start":{"line":54,"column":2},"end":{"line":54,"column":85}},"29":{"start":{"line":55,"column":2},"end":{"line":55,"column":90}},"30":{"start":{"line":59,"column":30},"end":{"line":59,"column":66}},"31":{"start":{"line":60,"column":18},"end":{"line":60,"column":49}},"32":{"start":{"line":61,"column":22},"end":{"line":61,"column":47}},"33":{"start":{"line":62,"column":25},"end":{"line":62,"column":53}},"34":{"start":{"line":63,"column":2},"end":{"line":66,"column":3}},"35":{"start":{"line":64,"column":4},"end":{"line":64,"column":70}},"36":{"start":{"line":65,"column":4},"end":{"line":65,"column":97}},"37":{"start":{"line":65,"column":20},"end":{"line":65,"column":97}},"38":{"start":{"line":68,"column":2},"end":{"line":73,"column":3}},"39":{"start":{"line":69,"column":18},"end":{"line":69,"column":72}},"40":{"start":{"line":70,"column":20},"end":{"line":70,"column":51}},"41":{"start":{"line":71,"column":4},"end":{"line":71,"column":26}},"42":{"start":{"line":72,"column":4},"end":{"line":72,"column":24}}},"fnMap":{"0":{"name":"(anonymous_0)","decl":{"start":{"line":7,"column":27},"end":{"line":7,"column":28}},"loc":{"start":{"line":7,"column":37},"end":{"line":7,"column":73}},"line":7},"1":{"name":"(anonymous_1)","decl":{"start":{"line":8,"column":30},"end":{"line":8,"column":31}},"loc":{"start":{"line":8,"column":40},"end":{"line":8,"column":82}},"line":8},"2":{"name":"getRegister","decl":{"start":{"line":10,"column":17},"end":{"line":10,"column":28}},"loc":{"start":{"line":10,"column":82},"end":{"line":21,"column":1}},"line":10},"3":{"name":"updateRegister","decl":{"start":{"line":23,"column":17},"end":{"line":23,"column":31}},"loc":{"start":{"line":23,"column":119},"end":{"line":35,"column":1}},"line":23},"4":{"name":"getRegisters","decl":{"start":{"line":39,"column":17},"end":{"line":39,"column":29}},"loc":{"start":{"line":39,"column":71},"end":{"line":50,"column":1}},"line":39},"5":{"name":"registersSagas","decl":{"start":{"line":52,"column":17},"end":{"line":52,"column":31}},"loc":{"start":{"line":52,"column":60},"end":{"line":56,"column":1}},"line":52},"6":{"name":"(anonymous_6)","decl":{"start":{"line":58,"column":15},"end":{"line":58,"column":16}},"loc":{"start":{"line":58,"column":28},"end":{"line":74,"column":1}},"line":58}},"branchMap":{"0":{"loc":{"start":{"line":26,"column":4},"end":{"line":31,"column":5}},"type":"if","locations":[{"start":{"line":26,"column":4},"end":{"line":31,"column":5}},{"start":{"line":26,"column":4},"end":{"line":31,"column":5}}],"line":26},"1":{"loc":{"start":{"line":63,"column":2},"end":{"line":66,"column":3}},"type":"if","locations":[{"start":{"line":63,"column":2},"end":{"line":66,"column":3}},{"start":{"line":63,"column":2},"end":{"line":66,"column":3}}],"line":63},"2":{"loc":{"start":{"line":65,"column":4},"end":{"line":65,"column":97}},"type":"if","locations":[{"start":{"line":65,"column":4},"end":{"line":65,"column":97}},{"start":{"line":65,"column":4},"end":{"line":65,"column":97}}],"line":65}},"s":{"0":1,"1":0,"2":1,"3":0,"4":0,"5":0,"6":0,"7":0,"8":0,"9":0,"10":0,"11":0,"12":0,"13":0,"14":0,"15":0,"16":0,"17":0,"18":0,"19":0,"20":0,"21":0,"22":0,"23":0,"24":0,"25":0,"26":0,"27":0,"28":0,"29":0,"30":0,"31":0,"32":0,"33":0,"34":0,"35":0,"36":0,"37":0,"38":0,"39":0,"40":0,"41":0,"42":0},"f":{"0":0,"1":0,"2":0,"3":0,"4":0,"5":0,"6":0},"b":{"0":[0,0],"1":[0,0],"2":[0,0]},"_coverageSchema":"332fd63041d2c1bcb487cc26dd0d5f7d97098a6c","hash":"00530c5e412ce60b4124910763cc561308facb3f"}
,"/Users/dongeolog/node_apps/buzzn/powergiver/app/users/actions.js": {"path":"/Users/dongeolog/node_apps/buzzn/powergiver/app/users/actions.js","statementMap":{"0":{"start":{"line":1,"column":25},"end":{"line":21,"column":1}},"1":{"start":{"line":23,"column":23},"end":{"line":43,"column":1}},"2":{"start":{"line":24,"column":42},"end":{"line":24,"column":93}},"3":{"start":{"line":25,"column":22},"end":{"line":25,"column":58}},"4":{"start":{"line":27,"column":24},"end":{"line":27,"column":63}},"5":{"start":{"line":29,"column":38},"end":{"line":29,"column":84}},"6":{"start":{"line":30,"column":22},"end":{"line":30,"column":54}},"7":{"start":{"line":31,"column":21},"end":{"line":31,"column":52}},"8":{"start":{"line":32,"column":20},"end":{"line":32,"column":54}},"9":{"start":{"line":34,"column":25},"end":{"line":34,"column":61}},"10":{"start":{"line":35,"column":28},"end":{"line":35,"column":67}},"11":{"start":{"line":36,"column":27},"end":{"line":36,"column":65}},"12":{"start":{"line":37,"column":27},"end":{"line":37,"column":69}},"13":{"start":{"line":39,"column":33},"end":{"line":39,"column":81}},"14":{"start":{"line":40,"column":31},"end":{"line":40,"column":73}},"15":{"start":{"line":41,"column":30},"end":{"line":41,"column":71}},"16":{"start":{"line":42,"column":33},"end":{"line":42,"column":81}}},"fnMap":{"0":{"name":"(anonymous_0)","decl":{"start":{"line":24,"column":16},"end":{"line":24,"column":17}},"loc":{"start":{"line":24,"column":42},"end":{"line":24,"column":93}},"line":24},"1":{"name":"(anonymous_1)","decl":{"start":{"line":25,"column":12},"end":{"line":25,"column":13}},"loc":{"start":{"line":25,"column":22},"end":{"line":25,"column":58}},"line":25},"2":{"name":"(anonymous_2)","decl":{"start":{"line":27,"column":13},"end":{"line":27,"column":14}},"loc":{"start":{"line":27,"column":24},"end":{"line":27,"column":63}},"line":27},"3":{"name":"(anonymous_3)","decl":{"start":{"line":29,"column":12},"end":{"line":29,"column":13}},"loc":{"start":{"line":29,"column":38},"end":{"line":29,"column":84}},"line":29},"4":{"name":"(anonymous_4)","decl":{"start":{"line":30,"column":15},"end":{"line":30,"column":16}},"loc":{"start":{"line":30,"column":22},"end":{"line":30,"column":54}},"line":30},"5":{"name":"(anonymous_5)","decl":{"start":{"line":31,"column":14},"end":{"line":31,"column":15}},"loc":{"start":{"line":31,"column":21},"end":{"line":31,"column":52}},"line":31},"6":{"name":"(anonymous_6)","decl":{"start":{"line":32,"column":11},"end":{"line":32,"column":12}},"loc":{"start":{"line":32,"column":20},"end":{"line":32,"column":54}},"line":32},"7":{"name":"(anonymous_7)","decl":{"start":{"line":34,"column":18},"end":{"line":34,"column":19}},"loc":{"start":{"line":34,"column":25},"end":{"line":34,"column":61}},"line":34},"8":{"name":"(anonymous_8)","decl":{"start":{"line":35,"column":21},"end":{"line":35,"column":22}},"loc":{"start":{"line":35,"column":28},"end":{"line":35,"column":67}},"line":35},"9":{"name":"(anonymous_9)","decl":{"start":{"line":36,"column":20},"end":{"line":36,"column":21}},"loc":{"start":{"line":36,"column":27},"end":{"line":36,"column":65}},"line":36},"10":{"name":"(anonymous_10)","decl":{"start":{"line":37,"column":17},"end":{"line":37,"column":18}},"loc":{"start":{"line":37,"column":27},"end":{"line":37,"column":69}},"line":37},"11":{"name":"(anonymous_11)","decl":{"start":{"line":39,"column":21},"end":{"line":39,"column":22}},"loc":{"start":{"line":39,"column":33},"end":{"line":39,"column":81}},"line":39},"12":{"name":"(anonymous_12)","decl":{"start":{"line":40,"column":24},"end":{"line":40,"column":25}},"loc":{"start":{"line":40,"column":31},"end":{"line":40,"column":73}},"line":40},"13":{"name":"(anonymous_13)","decl":{"start":{"line":41,"column":23},"end":{"line":41,"column":24}},"loc":{"start":{"line":41,"column":30},"end":{"line":41,"column":71}},"line":41},"14":{"name":"(anonymous_14)","decl":{"start":{"line":42,"column":20},"end":{"line":42,"column":21}},"loc":{"start":{"line":42,"column":33},"end":{"line":42,"column":81}},"line":42}},"branchMap":{},"s":{"0":1,"1":1,"2":0,"3":0,"4":0,"5":0,"6":0,"7":0,"8":0,"9":0,"10":0,"11":0,"12":0,"13":0,"14":0,"15":0,"16":0},"f":{"0":0,"1":0,"2":0,"3":0,"4":0,"5":0,"6":0,"7":0,"8":0,"9":0,"10":0,"11":0,"12":0,"13":0,"14":0},"b":{},"_coverageSchema":"332fd63041d2c1bcb487cc26dd0d5f7d97098a6c","hash":"871d9866fb2fd993aa7d9fe1ba46fcf096a03e37"}
,"/Users/dongeolog/node_apps/buzzn/powergiver/app/users/api.js": {"path":"/Users/dongeolog/node_apps/buzzn/powergiver/app/users/api.js","statementMap":{"0":{"start":{"line":6,"column":4},"end":{"line":10,"column":32}},"1":{"start":{"line":13,"column":4},"end":{"line":17,"column":32}},"2":{"start":{"line":20,"column":4},"end":{"line":24,"column":32}}},"fnMap":{},"branchMap":{},"s":{"0":0,"1":0,"2":0},"f":{},"b":{},"_coverageSchema":"332fd63041d2c1bcb487cc26dd0d5f7d97098a6c","hash":"1a8c233078f3d6a078db305daccc2a24496bd08b"}
,"/Users/dongeolog/node_apps/buzzn/powergiver/app/users/reducers.js": {"path":"/Users/dongeolog/node_apps/buzzn/powergiver/app/users/reducers.js","statementMap":{"0":{"start":{"line":3,"column":28},"end":{"line":12,"column":1}},"1":{"start":{"line":15,"column":2},"end":{"line":46,"column":3}},"2":{"start":{"line":17,"column":6},"end":{"line":17,"column":74}},"3":{"start":{"line":19,"column":6},"end":{"line":19,"column":45}},"4":{"start":{"line":21,"column":6},"end":{"line":21,"column":46}},"5":{"start":{"line":23,"column":6},"end":{"line":23,"column":45}},"6":{"start":{"line":26,"column":6},"end":{"line":26,"column":51}},"7":{"start":{"line":28,"column":6},"end":{"line":28,"column":52}},"8":{"start":{"line":30,"column":6},"end":{"line":30,"column":52}},"9":{"start":{"line":33,"column":6},"end":{"line":33,"column":51}},"10":{"start":{"line":35,"column":6},"end":{"line":35,"column":54}},"11":{"start":{"line":37,"column":6},"end":{"line":37,"column":55}},"12":{"start":{"line":39,"column":6},"end":{"line":39,"column":58}},"13":{"start":{"line":42,"column":6},"end":{"line":42,"column":49}},"14":{"start":{"line":45,"column":6},"end":{"line":45,"column":19}}},"fnMap":{"0":{"name":"(anonymous_0)","decl":{"start":{"line":14,"column":15},"end":{"line":14,"column":16}},"loc":{"start":{"line":14,"column":55},"end":{"line":47,"column":1}},"line":14}},"branchMap":{"0":{"loc":{"start":{"line":14,"column":25},"end":{"line":14,"column":45}},"type":"default-arg","locations":[{"start":{"line":14,"column":33},"end":{"line":14,"column":45}}],"line":14},"1":{"loc":{"start":{"line":15,"column":2},"end":{"line":46,"column":3}},"type":"switch","locations":[{"start":{"line":16,"column":4},"end":{"line":17,"column":74}},{"start":{"line":18,"column":4},"end":{"line":19,"column":45}},{"start":{"line":20,"column":4},"end":{"line":21,"column":46}},{"start":{"line":22,"column":4},"end":{"line":23,"column":45}},{"start":{"line":25,"column":4},"end":{"line":26,"column":51}},{"start":{"line":27,"column":4},"end":{"line":28,"column":52}},{"start":{"line":29,"column":4},"end":{"line":30,"column":52}},{"start":{"line":32,"column":4},"end":{"line":33,"column":51}},{"start":{"line":34,"column":4},"end":{"line":35,"column":54}},{"start":{"line":36,"column":4},"end":{"line":37,"column":55}},{"start":{"line":38,"column":4},"end":{"line":39,"column":58}},{"start":{"line":41,"column":4},"end":{"line":42,"column":49}},{"start":{"line":44,"column":4},"end":{"line":45,"column":19}}],"line":15}},"s":{"0":1,"1":2,"2":0,"3":0,"4":0,"5":0,"6":0,"7":0,"8":0,"9":0,"10":0,"11":0,"12":0,"13":0,"14":2},"f":{"0":2},"b":{"0":[2],"1":[0,0,0,0,0,0,0,0,0,0,0,0,2]},"_coverageSchema":"332fd63041d2c1bcb487cc26dd0d5f7d97098a6c","hash":"a7a44fd634c4a8b70b456e85814bf0871a081d1c"}
,"/Users/dongeolog/node_apps/buzzn/powergiver/app/users/sagas.js": {"path":"/Users/dongeolog/node_apps/buzzn/powergiver/app/users/sagas.js","statementMap":{"0":{"start":{"line":6,"column":33},"end":{"line":19,"column":1}},"1":{"start":{"line":21,"column":28},"end":{"line":21,"column":55}},"2":{"start":{"line":21,"column":37},"end":{"line":21,"column":55}},"3":{"start":{"line":22,"column":29},"end":{"line":22,"column":57}},"4":{"start":{"line":22,"column":38},"end":{"line":22,"column":57}},"5":{"start":{"line":25,"column":2},"end":{"line":25,"column":35}},"6":{"start":{"line":26,"column":2},"end":{"line":26,"column":33}},"7":{"start":{"line":27,"column":2},"end":{"line":32,"column":3}},"8":{"start":{"line":28,"column":17},"end":{"line":28,"column":87}},"9":{"start":{"line":29,"column":4},"end":{"line":29,"column":37}},"10":{"start":{"line":31,"column":4},"end":{"line":31,"column":24}},"11":{"start":{"line":33,"column":2},"end":{"line":33,"column":34}},"12":{"start":{"line":37,"column":2},"end":{"line":37,"column":47}},"13":{"start":{"line":38,"column":2},"end":{"line":38,"column":45}},"14":{"start":{"line":39,"column":2},"end":{"line":44,"column":3}},"15":{"start":{"line":40,"column":18},"end":{"line":40,"column":98}},"16":{"start":{"line":41,"column":4},"end":{"line":41,"column":56}},"17":{"start":{"line":43,"column":4},"end":{"line":43,"column":24}},"18":{"start":{"line":45,"column":2},"end":{"line":45,"column":46}},"19":{"start":{"line":49,"column":2},"end":{"line":49,"column":51}},"20":{"start":{"line":53,"column":2},"end":{"line":53,"column":100}},"21":{"start":{"line":54,"column":2},"end":{"line":54,"column":111}},"22":{"start":{"line":55,"column":2},"end":{"line":55,"column":77}},"23":{"start":{"line":56,"column":2},"end":{"line":56,"column":83}},"24":{"start":{"line":58,"column":17},"end":{"line":58,"column":43}},"25":{"start":{"line":59,"column":18},"end":{"line":59,"column":45}},"26":{"start":{"line":60,"column":2},"end":{"line":64,"column":3}},"27":{"start":{"line":61,"column":4},"end":{"line":61,"column":86}},"28":{"start":{"line":62,"column":4},"end":{"line":62,"column":89}},"29":{"start":{"line":63,"column":4},"end":{"line":63,"column":89}},"30":{"start":{"line":63,"column":16},"end":{"line":63,"column":89}},"31":{"start":{"line":68,"column":30},"end":{"line":68,"column":66}},"32":{"start":{"line":69,"column":18},"end":{"line":69,"column":49}},"33":{"start":{"line":71,"column":2},"end":{"line":76,"column":3}},"34":{"start":{"line":72,"column":18},"end":{"line":72,"column":68}},"35":{"start":{"line":73,"column":20},"end":{"line":73,"column":51}},"36":{"start":{"line":74,"column":4},"end":{"line":74,"column":26}},"37":{"start":{"line":75,"column":4},"end":{"line":75,"column":24}}},"fnMap":{"0":{"name":"(anonymous_0)","decl":{"start":{"line":21,"column":28},"end":{"line":21,"column":29}},"loc":{"start":{"line":21,"column":37},"end":{"line":21,"column":55}},"line":21},"1":{"name":"(anonymous_1)","decl":{"start":{"line":22,"column":29},"end":{"line":22,"column":30}},"loc":{"start":{"line":22,"column":38},"end":{"line":22,"column":57}},"line":22},"2":{"name":"getUser","decl":{"start":{"line":24,"column":17},"end":{"line":24,"column":24}},"loc":{"start":{"line":24,"column":74},"end":{"line":34,"column":1}},"line":24},"3":{"name":"getUsers","decl":{"start":{"line":36,"column":17},"end":{"line":36,"column":25}},"loc":{"start":{"line":36,"column":68},"end":{"line":46,"column":1}},"line":36},"4":{"name":"getUserInfo","decl":{"start":{"line":48,"column":17},"end":{"line":48,"column":28}},"loc":{"start":{"line":48,"column":78},"end":{"line":50,"column":1}},"line":48},"5":{"name":"usersSagas","decl":{"start":{"line":52,"column":17},"end":{"line":52,"column":27}},"loc":{"start":{"line":52,"column":56},"end":{"line":65,"column":1}},"line":52},"6":{"name":"(anonymous_6)","decl":{"start":{"line":67,"column":15},"end":{"line":67,"column":16}},"loc":{"start":{"line":67,"column":28},"end":{"line":77,"column":1}},"line":67}},"branchMap":{"0":{"loc":{"start":{"line":60,"column":2},"end":{"line":64,"column":3}},"type":"if","locations":[{"start":{"line":60,"column":2},"end":{"line":64,"column":3}},{"start":{"line":60,"column":2},"end":{"line":64,"column":3}}],"line":60},"1":{"loc":{"start":{"line":63,"column":4},"end":{"line":63,"column":89}},"type":"if","locations":[{"start":{"line":63,"column":4},"end":{"line":63,"column":89}},{"start":{"line":63,"column":4},"end":{"line":63,"column":89}}],"line":63}},"s":{"0":1,"1":1,"2":0,"3":1,"4":0,"5":0,"6":0,"7":0,"8":0,"9":0,"10":0,"11":0,"12":0,"13":0,"14":0,"15":0,"16":0,"17":0,"18":0,"19":0,"20":0,"21":0,"22":0,"23":0,"24":0,"25":0,"26":0,"27":0,"28":0,"29":0,"30":0,"31":0,"32":0,"33":0,"34":0,"35":0,"36":0,"37":0},"f":{"0":0,"1":0,"2":0,"3":0,"4":0,"5":0,"6":0},"b":{"0":[0,0],"1":[0,0]},"_coverageSchema":"332fd63041d2c1bcb487cc26dd0d5f7d97098a6c","hash":"0b3a518b1872665bd82ceac9b24db39b4ab1668c"}
}
